<?xml version="1.0" encoding="UTF-8"?>
<!-- Generated by org.testng.reporters.JUnitReportReporter -->
<testsuite hostname="JIGGYS-LAPTOP" failures="0" tests="6" name="tests.day3" time="0.015" errors="0" timestamp="2025-05-05T18:43:45 GMT" skipped="0">
  <testcase classname="tests.day3" name="MobilesignoutCarLoan" time="0.001"/>
  <testcase classname="tests.day3" name="WebloginCarloan" time="0.002"/>
  <testcase classname="tests.day3" name="MobileloginCarLoan" time="0.007"/>
  <testcase classname="tests.day3" name="MobilesignoutCarLoan" time="0.002"/>
  <testcase classname="tests.day3" name="MobilesignoutCarLoan" time="0.003"/>
  <testcase classname="tests.day3" name="MobilesigninCarLoan" time="0.000"/>
</testsuite> <!-- tests.day3 -->
