<?xml version="1.0" encoding="UTF-8"?>
<!-- Generated by org.testng.reporters.JUnitReportReporter -->
<testsuite hostname="JIGGYS-LAPTOP" failures="0" tests="1" name="tests.day2" time="0.001" errors="0" timestamp="2025-05-05T18:43:45 GMT" skipped="0">
  <testcase classname="tests.day2" name="hark" time="0.001"/>
</testsuite> <!-- tests.day2 -->
