<?xml version="1.0" encoding="UTF-8"?>
<!-- Generated by org.testng.reporters.JUnitReportReporter -->
<testsuite hostname="JIGGYS-LAPTOP" failures="0" tests="2" name="Killit.day1" time="0.009" errors="0" timestamp="2025-05-05T15:35:46 GMT" skipped="0">
  <testcase classname="Killit.day1" name="second" time="0.002"/>
  <testcase classname="Killit.day1" name="first" time="0.007"/>
</testsuite> <!-- Killit.day1 -->
