<?xml version="1.0" encoding="UTF-8"?>
<!-- Generated by org.testng.reporters.JUnitReportReporter -->
<testsuite hostname="JIGGYS-LAPTOP" failures="0" tests="3" name="tests.day4" time="0.006" errors="0" timestamp="2025-05-05T18:43:45 GMT" skipped="0">
  <testcase classname="tests.day4" name="MobileloginHomeLoan" time="0.001"/>
  <testcase classname="tests.day4" name="WebloginHomeloan" time="0.003"/>
  <testcase classname="tests.day4" name="LoginAPIHomeloan" time="0.002"/>
</testsuite> <!-- tests.day4 -->
