<?xml version="1.0" encoding="UTF-8"?>
<!-- Generated by org.testng.reporters.JUnitReportReporter -->
<testsuite hostname="JIGGYS-LAPTOP" failures="0" tests="1" name="tests.day1" time="0.007" errors="0" timestamp="2025-05-05T18:43:45 GMT" skipped="0">
  <testcase classname="tests.day1" name="first" time="0.007"/>
</testsuite> <!-- tests.day1 -->
