<?xml version="1.0" encoding="UTF-8"?>
<!-- Generated by org.testng.reporters.JUnitReportReporter -->
<testsuite hostname="JIGGYS-LAPTOP" failures="0" tests="1" name="Killit.day2" time="0.001" errors="0" timestamp="2025-05-05T15:35:46 GMT" skipped="0">
  <testcase classname="Killit.day2" name="ha" time="0.001"/>
</testsuite> <!-- Killit.day2 -->
